INFO: latexindent version 3.7.1, 2019-09-07, a script to indent .tex files
      latexindent lives here: /usr/share/texlive/texmf-dist/scripts/latexindent/
      Tue Apr 13 07:46:41 2021
      Filename: /home/chris/files/latex/reference/templates/english/single_page/__latexindent_temp.tex
INFO: Processing switches:
      -y|--yaml: YAML settings specified via command line
      -c|--cruft: cruft directory
INFO: Directory for backup files and /home/chris/files/latex/reference/06_table_of_contents/indent.log: /home/chris/files/latex/reference/06_table_of_contents/
INFO: YAML settings read: defaultSettings.yaml
      Reading defaultSettings.yaml from /usr/share/texlive/texmf-dist/scripts/latexindent/defaultSettings.yaml
INFO: YAML settings read: indentconfig.yaml or .indentconfig.yaml
      Home directory is /home/chris (didn't find either indentconfig.yaml or .indentconfig.yaml)
      To specify user settings you would put indentconfig.yaml here: /home/chris/indentconfig.yaml
      Alternatively, you can use the hidden file .indentconfig.yaml as: /home/chris/.indentconfig.yaml
INFO: YAML settings read: -y switch
      Updating masterSettings with defaultIndent:     
INFO: Phase 1: searching for objects
INFO: Phase 2: finding surrounding indentation
INFO: Phase 3: indenting objects
INFO: Phase 4: final indentation check
INFO: Output routine:
      Not outputting to file; see -w and -o switches for more options.
      --------------
INFO: Please direct all communication/issues to:
      https://github.com/cmhughes/latexindent.pl
